0 info it worked if it ends with ok
1 verbose cli [ 'node', '/usr/local/bin/npm', 'install', '-g', 'docco' ]
2 info using npm@2.0.2
3 info using node@v0.11.9
4 verbose cache add [ 'docco', null ]
5 verbose cache add spec="docco" args=["docco",null]
6 verbose parsed spec { raw: 'docco',
6 verbose parsed spec   scope: null,
6 verbose parsed spec   name: 'docco',
6 verbose parsed spec   rawSpec: '',
6 verbose parsed spec   spec: '*',
6 verbose parsed spec   type: 'range' }
7 verbose parsed spec { raw: 'docco',
7 verbose parsed spec   scope: null,
7 verbose parsed spec   name: 'docco',
7 verbose parsed spec   rawSpec: '',
7 verbose parsed spec   spec: '*',
7 verbose parsed spec   type: 'range' }
8 verbose addNamed [ 'docco', '*' ]
9 verbose addNamed [ null, '*' ]
10 silly lockFile 06b06255-docco docco@*
11 verbose lock docco@* /home/erikroyall/.npm/06b06255-docco.lock
12 silly addNameRange { name: 'docco', range: '*', hasData: false }
13 verbose mapToRegistry name docco
14 verbose mapToRegistry uri http://registry.npmjs.org/docco
15 verbose request on initialization, where is /docco
16 verbose request after pass 1, where is /docco
17 verbose request url raw /docco
18 verbose request resolving registry [ 'http://registry.npmjs.org/', './docco' ]
19 verbose request after pass 2, where is http://registry.npmjs.org/docco
20 verbose request no auth needed
21 info attempt registry request try #1 at 11:37:43
22 verbose request id 6e81e81555320fc5
23 http request GET http://registry.npmjs.org/docco
24 http 200 http://registry.npmjs.org/docco
25 silly registry.get cb [ 200,
25 silly registry.get   { server: 'CouchDB/1.5.0 (Erlang OTP/R16B03)',
25 silly registry.get     etag: '"E77T1PAP4N28GL9MSRZDPSNPU"',
25 silly registry.get     'content-type': 'application/json',
25 silly registry.get     'cache-control': 'max-age=60',
25 silly registry.get     'content-length': '8388',
25 silly registry.get     'accept-ranges': 'bytes',
25 silly registry.get     date: 'Fri, 03 Oct 2014 06:07:43 GMT',
25 silly registry.get     via: '1.1 varnish',
25 silly registry.get     age: '127',
25 silly registry.get     connection: 'close',
25 silly registry.get     'x-served-by': 'cache-syd1622-SYD',
25 silly registry.get     'x-cache': 'MISS',
25 silly registry.get     'x-cache-hits': '0',
25 silly registry.get     'x-timer': 'S1412316462.944285,VS0,VE184',
25 silly registry.get     vary: 'Accept' } ]
26 silly addNameRange number 2 { name: 'docco', range: '*', hasData: true }
27 silly addNameRange versions [ 'docco',
27 silly addNameRange   [ '0.2.0',
27 silly addNameRange     '0.3.0',
27 silly addNameRange     '0.4.0',
27 silly addNameRange     '0.5.0',
27 silly addNameRange     '0.6.0',
27 silly addNameRange     '0.6.1',
27 silly addNameRange     '0.6.2',
27 silly addNameRange     '0.6.3' ] ]
28 verbose addNamed [ 'docco', '0.6.3' ]
29 verbose addNamed [ '0.6.3', '0.6.3' ]
30 silly lockFile 6911873e-docco-0-6-3 docco@0.6.3
31 verbose lock docco@0.6.3 /home/erikroyall/.npm/6911873e-docco-0-6-3.lock
32 silly lockFile a294a92c--npmjs-org-docco-docco-0-6-3-tgz http://registry.npmjs.org/docco/-/docco-0.6.3.tgz
33 verbose lock http://registry.npmjs.org/docco/-/docco-0.6.3.tgz /home/erikroyall/.npm/a294a92c--npmjs-org-docco-docco-0-6-3-tgz.lock
34 verbose addRemoteTarball [ 'http://registry.npmjs.org/docco/-/docco-0.6.3.tgz',
34 verbose addRemoteTarball   'c47b5823d79563d6fc3abd49f3de48986e5522ee' ]
35 info retry fetch attempt 1 at 11:37:43
36 info attempt registry request try #1 at 11:37:43
37 http fetch GET http://registry.npmjs.org/docco/-/docco-0.6.3.tgz
38 http fetch 200 http://registry.npmjs.org/docco/-/docco-0.6.3.tgz
39 silly fetchAndShaCheck shasum c47b5823d79563d6fc3abd49f3de48986e5522ee
40 silly lockFile a294a92c--npmjs-org-docco-docco-0-6-3-tgz http://registry.npmjs.org/docco/-/docco-0.6.3.tgz
41 silly lockFile a294a92c--npmjs-org-docco-docco-0-6-3-tgz http://registry.npmjs.org/docco/-/docco-0.6.3.tgz
42 silly lockFile 6911873e-docco-0-6-3 docco@0.6.3
43 silly lockFile 6911873e-docco-0-6-3 docco@0.6.3
44 silly lockFile 06b06255-docco docco@*
45 silly lockFile 06b06255-docco docco@*
46 silly resolved [ { name: 'docco',
46 silly resolved     description: 'The Quick and Dirty Literate Programming Documentation Generator',
46 silly resolved     keywords:
46 silly resolved      [ 'documentation',
46 silly resolved        'docs',
46 silly resolved        'generator',
46 silly resolved        'literate',
46 silly resolved        'coffeescript' ],
46 silly resolved     author: { name: 'Jeremy Ashkenas' },
46 silly resolved     version: '0.6.3',
46 silly resolved     licenses: [ [Object] ],
46 silly resolved     repository: { type: 'git', url: 'https://github.com/jashkenas/docco.git' },
46 silly resolved     engines: { node: '>=0.2.0' },
46 silly resolved     dependencies:
46 silly resolved      { commander: '>= 0.5.2',
46 silly resolved        marked: '>= 0.2.7',
46 silly resolved        'fs-extra': '>= 0.6.0',
46 silly resolved        underscore: '>= 1.0.0',
46 silly resolved        'highlight.js': '>= 8.0.x' },
46 silly resolved     main: './docco',
46 silly resolved     bin: { docco: './bin/docco' },
46 silly resolved     bugs: { url: 'https://github.com/jashkenas/docco/issues' },
46 silly resolved     homepage: 'https://github.com/jashkenas/docco',
46 silly resolved     _id: 'docco@0.6.3',
46 silly resolved     dist:
46 silly resolved      { shasum: 'c47b5823d79563d6fc3abd49f3de48986e5522ee',
46 silly resolved        tarball: 'http://registry.npmjs.org/docco/-/docco-0.6.3.tgz' },
46 silly resolved     _from: 'docco@*',
46 silly resolved     _npmVersion: '1.3.21',
46 silly resolved     _npmUser: { name: 'jashkenas', email: 'jashkenas@gmail.com' },
46 silly resolved     maintainers: [ [Object] ],
46 silly resolved     directories: {},
46 silly resolved     _shasum: 'c47b5823d79563d6fc3abd49f3de48986e5522ee',
46 silly resolved     _resolved: 'http://registry.npmjs.org/docco/-/docco-0.6.3.tgz' } ]
47 info install docco@0.6.3 into /usr/local/lib
48 info installOne docco@0.6.3
49 verbose lib/node_modules/docco unbuild
50 verbose gentlyRm vacuuming /usr/local/lib/node_modules/docco
51 verbose tar unpack /home/erikroyall/.npm/docco/0.6.3/package.tgz
52 silly lockFile 97894cf5-usr-local-lib-node-modules-docco tar:///usr/local/lib/node_modules/docco
53 verbose lock tar:///usr/local/lib/node_modules/docco /home/erikroyall/.npm/97894cf5-usr-local-lib-node-modules-docco.lock
54 silly lockFile 5f458cd8-yall-npm-docco-0-6-3-package-tgz tar:///home/erikroyall/.npm/docco/0.6.3/package.tgz
55 verbose lock tar:///home/erikroyall/.npm/docco/0.6.3/package.tgz /home/erikroyall/.npm/5f458cd8-yall-npm-docco-0-6-3-package-tgz.lock
56 verbose gentlyRm vacuuming /usr/local/lib/node_modules/docco
57 silly gunzTarPerm modes [ '775', '664' ]
58 verbose fstream_path /usr/local/lib/node_modules/docco
59 verbose fstream_type Directory
60 verbose fstream_class DirWriter
61 verbose stack Error: EACCES, mkdir '/usr/local/lib/node_modules/docco'
62 verbose fstream_stack /usr/local/lib/node_modules/npm/node_modules/fstream/lib/dir-writer.js:36:23
62 verbose fstream_stack /usr/local/lib/node_modules/npm/node_modules/mkdirp/index.js:46:53
62 verbose fstream_stack Object.oncomplete (fs.js:97:15)
63 verbose cwd /home/erikroyall/git/hilo
64 error Linux 3.13.0-36-generic
65 error argv "node" "/usr/local/bin/npm" "install" "-g" "docco"
66 error node v0.11.9
67 error npm  v2.0.2
68 error path /usr/local/lib/node_modules/docco
69 error code EACCES
70 error errno -13
71 error Error: EACCES, mkdir '/usr/local/lib/node_modules/docco'
71 error  { [Error: EACCES, mkdir '/usr/local/lib/node_modules/docco']
71 error   stack: 'Error: EACCES, mkdir \'/usr/local/lib/node_modules/docco\'',
71 error   errno: -13,
71 error   code: 'EACCES',
71 error   path: '/usr/local/lib/node_modules/docco',
71 error   fstream_type: 'Directory',
71 error   fstream_path: '/usr/local/lib/node_modules/docco',
71 error   fstream_class: 'DirWriter',
71 error   fstream_stack:
71 error    [ '/usr/local/lib/node_modules/npm/node_modules/fstream/lib/dir-writer.js:36:23',
71 error      '/usr/local/lib/node_modules/npm/node_modules/mkdirp/index.js:46:53',
71 error      'Object.oncomplete (fs.js:97:15)' ] }
72 error Please try running this command again as root/Administrator.
73 verbose exit [ -13, true ]
